Diagnose log at 2026-06-08T05:01:21Z

AppPath: C:\Git\mingw64\bin\git-credential-manager.exe
InstallDir: C:\Git\mingw64\bin\
Version: 2.6.1+786ab03440ddc82e807a97c0e540f5247e44cec6

------------
Diagnostic: Environment
Skipped: False
Success: True
Exception: None
Log:
OSType: Windows
OSVersion: 10.0 (build 26200)
Reading environment variables... OK
 Variables:
HOMEPATH=\Users\Softel
DriverData=C:\Windows\System32\Drivers\DriverData
COMPUTERNAME=DESKTOP-37AQDKQ
GIT_TRACE2_PARENT_SID=0a961cda-00ef-42e8-95ed-9a135216d839
CommonProgramFiles(x86)=C:\Program Files (x86)\Common Files
OneDrive=C:\Users\Softel\OneDrive - Softel Solution
ChocolateyLastPathUpdate=133959697622308675
TMP=C:\Users\Softel\AppData\Local\Temp
HOME=C:\Users\Softel
PROCESSOR_REVISION=8c01
PATHEXT=.COM;.EXE;.BAT;.CMD;.VBS;.VBE;.JS;.JSE;.WSF;.WSH;.MSC;.PY;.PYW;.CPL
GIT_ASKPASS=c:\Users\Softel\AppData\Local\Programs\Antigravity IDE\resources\app\extensions\git\dist\askpass.sh
GIT_EXEC_PATH=C:/Git/mingw64/libexec/git-core
TEMP=C:\Users\Softel\AppData\Local\Temp
LOCALAPPDATA=C:\Users\Softel\AppData\Local
MSYSTEM=MINGW64
TERM=xterm-256color
ProgramW6432=C:\Program Files
USERDOMAIN=DESKTOP-37AQDKQ
ProgramFiles(x86)=C:\Program Files (x86)
HOMEDRIVE=C:
Path=C:/Git/mingw64/libexec/git-core;C:\Git\mingw64\bin;C:\Git\usr\bin;C:\Users\Softel\bin;C:\Python313\Scripts\;C:\Python313\;C:\WINDOWS\system32;C:\WINDOWS;C:\WINDOWS\System32\Wbem;C:\WINDOWS\System32\WindowsPowerShell\v1.0\;C:\WINDOWS\System32\OpenSSH\;C:\ProgramData\chocolatey\bin;C:\Program Files\PuTTY\;C:\Program Files\nodejs\;C:\Git\cmd;C:\Program Files\Git\bin;C:\Program Files\Git\cmd;C:\Users\Softel\AppData\Local\Microsoft\WindowsApps;C:\Users\Softel\AppData\Local\Programs\Microsoft VS Code\bin;C:\Users\Softel\AppData\Roaming\npm;C:\Users\Softel\AppData\Local\Programs\Antigravity\bin;C:\Users\Softel\AppData\Local\Programs\Antigravity IDE\bin
TERM_PROGRAM=vscode
PROCESSOR_LEVEL=6
PROCESSOR_IDENTIFIER=Intel64 Family 6 Model 140 Stepping 1, GenuineIntel
TMPDIR=C:\Users\Softel\AppData\Local\Temp
VSCODE_GIT_ASKPASS_EXTRA_ARGS=
TERM_PROGRAM_VERSION=1.107.0
VSCODE_GIT_ASKPASS_MAIN=c:\Users\Softel\AppData\Local\Programs\Antigravity IDE\resources\app\extensions\git\dist\askpass-main.js
PSModulePath=C:\Users\Softel\Documents\WindowsPowerShell\Modules;C:\Program Files\WindowsPowerShell\Modules;C:\WINDOWS\system32\WindowsPowerShell\v1.0\Modules
PUBLIC=C:\Users\Public
NUMBER_OF_PROCESSORS=8
FPS_BROWSER_USER_PROFILE_STRING=Default
CommonProgramFiles=C:\Program Files (x86)\Common Files
VSCODE_INJECTION=1
VSCODE_NONCE=a0645008-7348-4777-8e07-bde3e05ebbcf
EFC_20564_1592913036=1
VSCODE_GIT_IPC_HANDLE=\\.\pipe\vscode-git-53e4cef73e-sock
CHROME_CRASHPAD_PIPE_NAME=\\.\pipe\crashpad_47036_NEMQMVZNQCJQWZTB
PLINK_PROTOCOL=ssh
COLORTERM=truecolor
ProgramFiles=C:\Program Files (x86)
ChocolateyInstall=C:\ProgramData\chocolatey
ANTIGRAVITY_CLI_ALIAS=agy-ide
VSCODE_GIT_ASKPASS_NODE=C:\Users\Softel\AppData\Local\Programs\Antigravity IDE\Antigravity IDE.exe
SystemRoot=C:\WINDOWS
SESSIONNAME=Console
VSCODE_STABLE=1
CommonProgramW6432=C:\Program Files\Common Files
ZES_ENABLE_SYSMAN=1
LOGONSERVER=\\DESKTOP-37AQDKQ
USERPROFILE=C:\Users\Softel
USERDOMAIN_ROAMINGPROFILE=DESKTOP-37AQDKQ
APPDATA=C:\Users\Softel\AppData\Roaming
ProgramData=C:\ProgramData
OneDriveCommercial=C:\Users\Softel\OneDrive - Softel Solution
VSCODE_A11Y_MODE=0
USERNAME=Softel
PROCESSOR_ARCHITEW6432=AMD64
FPS_BROWSER_APP_PROFILE_STRING=Internet Explorer
PROCESSOR_ARCHITECTURE=x86
OS=Windows_NT
ComSpec=C:\WINDOWS\system32\cmd.exe
SystemDrive=C:
windir=C:\WINDOWS
LANG=en_US.UTF-8
ALLUSERSPROFILE=C:\ProgramData


------------
Diagnostic: File system
Skipped: False
Success: True
Exception: None
Log:
Temporary directory is 'C:\Users\Softel\AppData\Local\Temp\'...
Checking basic file I/O...
Writing to temporary file 'C:\Users\Softel\AppData\Local\Temp\5e3d4ddc9f67fa19600c0d73'... OK
Reading from temporary file 'C:\Users\Softel\AppData\Local\Temp\5e3d4ddc9f67fa19600c0d73'... OK
Deleting temporary file 'C:\Users\Softel\AppData\Local\Temp\5e3d4ddc9f67fa19600c0d73'... OK
Testing IFileSystem instance...
UserHomePath: C:\Users\Softel
UserDataDirectoryPath: C:\Users\Softel\.gcm
GetCurrentDirectory(): C:\Users\Softel\Desktop\Personal\my-portfolio

------------
Diagnostic: Networking
Skipped: False
Success: True
Exception: None
Log:
Checking networking and HTTP stack...
Creating HTTP client... OK
IsNetworkAvailable: True
Sending HEAD request to http://example.com...Sending HEAD request to https://example.com... OK
 OK
Acquiring free TCP port... OK
Testing local HTTP loopback connections...
Creating new HTTP listener for http://localhost:53266/... OK
Waiting for loopback connection... OK
Writing response... OK
Waiting for response data... OK
Loopback connection data OK

------------
Diagnostic: Git
Skipped: False
Success: True
Exception: None
Log:
Getting Git version... OK
Git version is '2.51.2.windows.1'
Locating current repository...Git repository at 'C:/Users/Softel/Desktop/Personal/my-portfolio/.git'
 OK
Listing all Git configuration... OK
Git configuration:
file:C:/Git/etc/gitconfig	diff.astextplain.textconv=astextplain
file:C:/Git/etc/gitconfig	filter.lfs.clean=git-lfs clean -- %f
file:C:/Git/etc/gitconfig	filter.lfs.smudge=git-lfs smudge -- %f
file:C:/Git/etc/gitconfig	filter.lfs.process=git-lfs filter-process
file:C:/Git/etc/gitconfig	filter.lfs.required=true
file:C:/Git/etc/gitconfig	http.sslbackend=schannel
file:C:/Git/etc/gitconfig	core.autocrlf=true
file:C:/Git/etc/gitconfig	core.fscache=true
file:C:/Git/etc/gitconfig	core.symlinks=false
file:C:/Git/etc/gitconfig	pull.rebase=false
file:C:/Git/etc/gitconfig	credential.helper=manager
file:C:/Git/etc/gitconfig	credential.https://dev.azure.com.usehttppath=true
file:C:/Git/etc/gitconfig	init.defaultbranch=master
file:C:/Users/Softel/.gitconfig	core.editor="C:\Users\Softel\AppData\Local\Programs\Microsoft VS Code\bin\code" --wait
file:C:/Users/Softel/.gitconfig	credential.helper=manager
file:C:/Users/Softel/.gitconfig	user.name=Jyoti Raut
file:C:/Users/Softel/.gitconfig	user.email=jyoti.raut@softelnetworks.com
file:C:/Users/Softel/.gitconfig	http.version=HTTP/1.1
file:.git/config	core.repositoryformatversion=0
file:.git/config	core.filemode=false
file:.git/config	core.bare=false
file:.git/config	core.logallrefupdates=true
file:.git/config	core.symlinks=false
file:.git/config	core.ignorecase=true
file:.git/config	remote.origin.url=https://github.com/jyraut/my-portfolio.git
file:.git/config	remote.origin.fetch=+refs/heads/*:refs/remotes/origin/*
file:.git/config	branch.main.remote=origin
file:.git/config	branch.main.merge=refs/heads/main
file:.git/config	branch.main.vscode-merge-base=origin/main
file:.git/config	user.name=jyraut
file:.git/config	user.email=jyotiraut2002@gmail.com


------------
Diagnostic: Credential storage
Skipped: False
Success: True
Exception: None
Log:
ICredentialStore instance is of type: CredentialStore
Writing test credential... OK
Reading test credential... OK
Deleting test credential... OK

------------
Diagnostic: Microsoft authentication (AAD/MSA)
Skipped: False
Success: True
Exception: None
Log:
Broker is not enabled.
Flow type is: Auto
Gathering MSAL token cache data... OK
CacheDirectory: C:\Users\Softel\AppData\Local\.IdentityService
CacheFileName: msal.cache
CacheFilePath: C:\Users\Softel\AppData\Local\.IdentityService\msal.cache
Creating cache helper... OK
Verifying MSAL token cache persistence... OK

------------
Diagnostic: GitHub API
Skipped: False
Success: True
Exception: None
Log:
Using 'https://github.com/' as API target.
Querying '/meta' endpoint... OK

